The system is: Linux - 4.11.2-1-ARCH - x86_64
Compiling the C compiler identification source file "CMakeCCompilerId.c" succeeded.
Compiler: /usr/sbin/cc 
Build flags: 
Id flags:  

The output was:
0


Compilation of the C compiler identification source "CMakeCCompilerId.c" produced "a.out"

The C compiler identification is GNU, found in "/home/ganz/cpp_indie_studio/build/CMakeFiles/3.8.0/CompilerIdC/a.out"

Compiling the CXX compiler identification source file "CMakeCXXCompilerId.cpp" succeeded.
Compiler: /usr/sbin/g++ 
Build flags: ;-Wall;-Wextra;-std=c++14;-O2
Id flags:  

The output was:
0


Compilation of the CXX compiler identification source "CMakeCXXCompilerId.cpp" produced "a.out"

The CXX compiler identification is GNU, found in "/home/ganz/cpp_indie_studio/build/CMakeFiles/3.8.0/CompilerIdCXX/a.out"

Determining if the C compiler works passed with the following output:
Change Dir: /home/ganz/cpp_indie_studio/build/CMakeFiles/CMakeTmp

Run Build Command:"/usr/sbin/make" "cmTC_996e3/fast"
/usr/sbin/make -f CMakeFiles/cmTC_996e3.dir/build.make CMakeFiles/cmTC_996e3.dir/build
make[1] : on entre dans le répertoire « /home/ganz/cpp_indie_studio/build/CMakeFiles/CMakeTmp »
Building C object CMakeFiles/cmTC_996e3.dir/testCCompiler.c.o
/usr/sbin/cc    -o CMakeFiles/cmTC_996e3.dir/testCCompiler.c.o   -c /home/ganz/cpp_indie_studio/build/CMakeFiles/CMakeTmp/testCCompiler.c
Linking C executable cmTC_996e3
/usr/bin/cmake -E cmake_link_script CMakeFiles/cmTC_996e3.dir/link.txt --verbose=1
/usr/sbin/cc      -rdynamic CMakeFiles/cmTC_996e3.dir/testCCompiler.c.o  -o cmTC_996e3 
make[1] : on quitte le répertoire « /home/ganz/cpp_indie_studio/build/CMakeFiles/CMakeTmp »


Detecting C compiler ABI info compiled with the following output:
Change Dir: /home/ganz/cpp_indie_studio/build/CMakeFiles/CMakeTmp

Run Build Command:"/usr/sbin/make" "cmTC_f3c2a/fast"
/usr/sbin/make -f CMakeFiles/cmTC_f3c2a.dir/build.make CMakeFiles/cmTC_f3c2a.dir/build
make[1] : on entre dans le répertoire « /home/ganz/cpp_indie_studio/build/CMakeFiles/CMakeTmp »
Building C object CMakeFiles/cmTC_f3c2a.dir/CMakeCCompilerABI.c.o
/usr/sbin/cc    -o CMakeFiles/cmTC_f3c2a.dir/CMakeCCompilerABI.c.o   -c /usr/share/cmake-3.8/Modules/CMakeCCompilerABI.c
Linking C executable cmTC_f3c2a
/usr/bin/cmake -E cmake_link_script CMakeFiles/cmTC_f3c2a.dir/link.txt --verbose=1
/usr/sbin/cc     -v -rdynamic CMakeFiles/cmTC_f3c2a.dir/CMakeCCompilerABI.c.o  -o cmTC_f3c2a 
Utilisation des specs internes.
COLLECT_GCC=/usr/sbin/cc
COLLECT_LTO_WRAPPER=/usr/lib/gcc/x86_64-pc-linux-gnu/6.3.1/lto-wrapper
Cible : x86_64-pc-linux-gnu
Configuré avec: /build/gcc/src/gcc/configure --prefix=/usr --libdir=/usr/lib --libexecdir=/usr/lib --mandir=/usr/share/man --infodir=/usr/share/info --with-bugurl=https://bugs.archlinux.org/ --enable-languages=c,c++,ada,fortran,go,lto,objc,obj-c++ --enable-shared --enable-threads=posix --enable-libmpx --with-system-zlib --with-isl --enable-__cxa_atexit --disable-libunwind-exceptions --enable-clocale=gnu --disable-libstdcxx-pch --disable-libssp --enable-gnu-unique-object --enable-linker-build-id --enable-lto --enable-plugin --enable-install-libiberty --with-linker-hash-style=gnu --enable-gnu-indirect-function --disable-multilib --disable-werror --enable-checking=release
Modèle de thread: posix
gcc version 6.3.1 20170306 (GCC) 
COMPILER_PATH=/usr/lib/gcc/x86_64-pc-linux-gnu/6.3.1/:/usr/lib/gcc/x86_64-pc-linux-gnu/6.3.1/:/usr/lib/gcc/x86_64-pc-linux-gnu/:/usr/lib/gcc/x86_64-pc-linux-gnu/6.3.1/:/usr/lib/gcc/x86_64-pc-linux-gnu/
LIBRARY_PATH=/usr/lib/gcc/x86_64-pc-linux-gnu/6.3.1/:/usr/lib/gcc/x86_64-pc-linux-gnu/6.3.1/../../../../lib/:/lib/../lib/:/usr/lib/../lib/:/usr/lib/gcc/x86_64-pc-linux-gnu/6.3.1/../../../:/lib/:/usr/lib/
COLLECT_GCC_OPTIONS='-v' '-rdynamic' '-o' 'cmTC_f3c2a' '-mtune=generic' '-march=x86-64'
 /usr/lib/gcc/x86_64-pc-linux-gnu/6.3.1/collect2 -plugin /usr/lib/gcc/x86_64-pc-linux-gnu/6.3.1/liblto_plugin.so -plugin-opt=/usr/lib/gcc/x86_64-pc-linux-gnu/6.3.1/lto-wrapper -plugin-opt=-fresolution=/tmp/ccKaH7Fs.res -plugin-opt=-pass-through=-lgcc -plugin-opt=-pass-through=-lgcc_s -plugin-opt=-pass-through=-lc -plugin-opt=-pass-through=-lgcc -plugin-opt=-pass-through=-lgcc_s --build-id --eh-frame-hdr --hash-style=gnu -m elf_x86_64 -export-dynamic -dynamic-linker /lib64/ld-linux-x86-64.so.2 -o cmTC_f3c2a /usr/lib/gcc/x86_64-pc-linux-gnu/6.3.1/../../../../lib/crt1.o /usr/lib/gcc/x86_64-pc-linux-gnu/6.3.1/../../../../lib/crti.o /usr/lib/gcc/x86_64-pc-linux-gnu/6.3.1/crtbegin.o -L/usr/lib/gcc/x86_64-pc-linux-gnu/6.3.1 -L/usr/lib/gcc/x86_64-pc-linux-gnu/6.3.1/../../../../lib -L/lib/../lib -L/usr/lib/../lib -L/usr/lib/gcc/x86_64-pc-linux-gnu/6.3.1/../../.. CMakeFiles/cmTC_f3c2a.dir/CMakeCCompilerABI.c.o -lgcc --as-needed -lgcc_s --no-as-needed -lc -lgcc --as-needed -lgcc_s --no-as-needed /usr/lib/gcc/x86_64-pc-linux-gnu/6.3.1/crtend.o /usr/lib/gcc/x86_64-pc-linux-gnu/6.3.1/../../../../lib/crtn.o
COLLECT_GCC_OPTIONS='-v' '-rdynamic' '-o' 'cmTC_f3c2a' '-mtune=generic' '-march=x86-64'
make[1] : on quitte le répertoire « /home/ganz/cpp_indie_studio/build/CMakeFiles/CMakeTmp »


Parsed C implicit link information from above output:
  link line regex: [^( *|.*[/\])(ld|([^/\]+-)?ld|collect2)[^/\]*( |$)]
  ignore line: [Change Dir: /home/ganz/cpp_indie_studio/build/CMakeFiles/CMakeTmp]
  ignore line: []
  ignore line: [Run Build Command:"/usr/sbin/make" "cmTC_f3c2a/fast"]
  ignore line: [/usr/sbin/make -f CMakeFiles/cmTC_f3c2a.dir/build.make CMakeFiles/cmTC_f3c2a.dir/build]
  ignore line: [make[1] : on entre dans le répertoire « /home/ganz/cpp_indie_studio/build/CMakeFiles/CMakeTmp »]
  ignore line: [Building C object CMakeFiles/cmTC_f3c2a.dir/CMakeCCompilerABI.c.o]
  ignore line: [/usr/sbin/cc    -o CMakeFiles/cmTC_f3c2a.dir/CMakeCCompilerABI.c.o   -c /usr/share/cmake-3.8/Modules/CMakeCCompilerABI.c]
  ignore line: [Linking C executable cmTC_f3c2a]
  ignore line: [/usr/bin/cmake -E cmake_link_script CMakeFiles/cmTC_f3c2a.dir/link.txt --verbose=1]
  ignore line: [/usr/sbin/cc     -v -rdynamic CMakeFiles/cmTC_f3c2a.dir/CMakeCCompilerABI.c.o  -o cmTC_f3c2a ]
  ignore line: [Utilisation des specs internes.]
  ignore line: [COLLECT_GCC=/usr/sbin/cc]
  ignore line: [COLLECT_LTO_WRAPPER=/usr/lib/gcc/x86_64-pc-linux-gnu/6.3.1/lto-wrapper]
  ignore line: [Cible : x86_64-pc-linux-gnu]
  ignore line: [Configuré avec: /build/gcc/src/gcc/configure --prefix=/usr --libdir=/usr/lib --libexecdir=/usr/lib --mandir=/usr/share/man --infodir=/usr/share/info --with-bugurl=https://bugs.archlinux.org/ --enable-languages=c,c++,ada,fortran,go,lto,objc,obj-c++ --enable-shared --enable-threads=posix --enable-libmpx --with-system-zlib --with-isl --enable-__cxa_atexit --disable-libunwind-exceptions --enable-clocale=gnu --disable-libstdcxx-pch --disable-libssp --enable-gnu-unique-object --enable-linker-build-id --enable-lto --enable-plugin --enable-install-libiberty --with-linker-hash-style=gnu --enable-gnu-indirect-function --disable-multilib --disable-werror --enable-checking=release]
  ignore line: [Modèle de thread: posix]
  ignore line: [gcc version 6.3.1 20170306 (GCC) ]
  ignore line: [COMPILER_PATH=/usr/lib/gcc/x86_64-pc-linux-gnu/6.3.1/:/usr/lib/gcc/x86_64-pc-linux-gnu/6.3.1/:/usr/lib/gcc/x86_64-pc-linux-gnu/:/usr/lib/gcc/x86_64-pc-linux-gnu/6.3.1/:/usr/lib/gcc/x86_64-pc-linux-gnu/]
  ignore line: [LIBRARY_PATH=/usr/lib/gcc/x86_64-pc-linux-gnu/6.3.1/:/usr/lib/gcc/x86_64-pc-linux-gnu/6.3.1/../../../../lib/:/lib/../lib/:/usr/lib/../lib/:/usr/lib/gcc/x86_64-pc-linux-gnu/6.3.1/../../../:/lib/:/usr/lib/]
  ignore line: [COLLECT_GCC_OPTIONS='-v' '-rdynamic' '-o' 'cmTC_f3c2a' '-mtune=generic' '-march=x86-64']
  link line: [ /usr/lib/gcc/x86_64-pc-linux-gnu/6.3.1/collect2 -plugin /usr/lib/gcc/x86_64-pc-linux-gnu/6.3.1/liblto_plugin.so -plugin-opt=/usr/lib/gcc/x86_64-pc-linux-gnu/6.3.1/lto-wrapper -plugin-opt=-fresolution=/tmp/ccKaH7Fs.res -plugin-opt=-pass-through=-lgcc -plugin-opt=-pass-through=-lgcc_s -plugin-opt=-pass-through=-lc -plugin-opt=-pass-through=-lgcc -plugin-opt=-pass-through=-lgcc_s --build-id --eh-frame-hdr --hash-style=gnu -m elf_x86_64 -export-dynamic -dynamic-linker /lib64/ld-linux-x86-64.so.2 -o cmTC_f3c2a /usr/lib/gcc/x86_64-pc-linux-gnu/6.3.1/../../../../lib/crt1.o /usr/lib/gcc/x86_64-pc-linux-gnu/6.3.1/../../../../lib/crti.o /usr/lib/gcc/x86_64-pc-linux-gnu/6.3.1/crtbegin.o -L/usr/lib/gcc/x86_64-pc-linux-gnu/6.3.1 -L/usr/lib/gcc/x86_64-pc-linux-gnu/6.3.1/../../../../lib -L/lib/../lib -L/usr/lib/../lib -L/usr/lib/gcc/x86_64-pc-linux-gnu/6.3.1/../../.. CMakeFiles/cmTC_f3c2a.dir/CMakeCCompilerABI.c.o -lgcc --as-needed -lgcc_s --no-as-needed -lc -lgcc --as-needed -lgcc_s --no-as-needed /usr/lib/gcc/x86_64-pc-linux-gnu/6.3.1/crtend.o /usr/lib/gcc/x86_64-pc-linux-gnu/6.3.1/../../../../lib/crtn.o]
    arg [/usr/lib/gcc/x86_64-pc-linux-gnu/6.3.1/collect2] ==> ignore
    arg [-plugin] ==> ignore
    arg [/usr/lib/gcc/x86_64-pc-linux-gnu/6.3.1/liblto_plugin.so] ==> ignore
    arg [-plugin-opt=/usr/lib/gcc/x86_64-pc-linux-gnu/6.3.1/lto-wrapper] ==> ignore
    arg [-plugin-opt=-fresolution=/tmp/ccKaH7Fs.res] ==> ignore
    arg [-plugin-opt=-pass-through=-lgcc] ==> ignore
    arg [-plugin-opt=-pass-through=-lgcc_s] ==> ignore
    arg [-plugin-opt=-pass-through=-lc] ==> ignore
    arg [-plugin-opt=-pass-through=-lgcc] ==> ignore
    arg [-plugin-opt=-pass-through=-lgcc_s] ==> ignore
    arg [--build-id] ==> ignore
    arg [--eh-frame-hdr] ==> ignore
    arg [--hash-style=gnu] ==> ignore
    arg [-m] ==> ignore
    arg [elf_x86_64] ==> ignore
    arg [-export-dynamic] ==> ignore
    arg [-dynamic-linker] ==> ignore
    arg [/lib64/ld-linux-x86-64.so.2] ==> ignore
    arg [-o] ==> ignore
    arg [cmTC_f3c2a] ==> ignore
    arg [/usr/lib/gcc/x86_64-pc-linux-gnu/6.3.1/../../../../lib/crt1.o] ==> ignore
    arg [/usr/lib/gcc/x86_64-pc-linux-gnu/6.3.1/../../../../lib/crti.o] ==> ignore
    arg [/usr/lib/gcc/x86_64-pc-linux-gnu/6.3.1/crtbegin.o] ==> ignore
    arg [-L/usr/lib/gcc/x86_64-pc-linux-gnu/6.3.1] ==> dir [/usr/lib/gcc/x86_64-pc-linux-gnu/6.3.1]
    arg [-L/usr/lib/gcc/x86_64-pc-linux-gnu/6.3.1/../../../../lib] ==> dir [/usr/lib/gcc/x86_64-pc-linux-gnu/6.3.1/../../../../lib]
    arg [-L/lib/../lib] ==> dir [/lib/../lib]
    arg [-L/usr/lib/../lib] ==> dir [/usr/lib/../lib]
    arg [-L/usr/lib/gcc/x86_64-pc-linux-gnu/6.3.1/../../..] ==> dir [/usr/lib/gcc/x86_64-pc-linux-gnu/6.3.1/../../..]
    arg [CMakeFiles/cmTC_f3c2a.dir/CMakeCCompilerABI.c.o] ==> ignore
    arg [-lgcc] ==> lib [gcc]
    arg [--as-needed] ==> ignore
    arg [-lgcc_s] ==> lib [gcc_s]
    arg [--no-as-needed] ==> ignore
    arg [-lc] ==> lib [c]
    arg [-lgcc] ==> lib [gcc]
    arg [--as-needed] ==> ignore
    arg [-lgcc_s] ==> lib [gcc_s]
    arg [--no-as-needed] ==> ignore
    arg [/usr/lib/gcc/x86_64-pc-linux-gnu/6.3.1/crtend.o] ==> ignore
    arg [/usr/lib/gcc/x86_64-pc-linux-gnu/6.3.1/../../../../lib/crtn.o] ==> ignore
  remove lib [gcc]
  remove lib [gcc_s]
  remove lib [gcc]
  remove lib [gcc_s]
  collapse library dir [/usr/lib/gcc/x86_64-pc-linux-gnu/6.3.1] ==> [/usr/lib/gcc/x86_64-pc-linux-gnu/6.3.1]
  collapse library dir [/usr/lib/gcc/x86_64-pc-linux-gnu/6.3.1/../../../../lib] ==> [/usr/lib]
  collapse library dir [/lib/../lib] ==> [/lib]
  collapse library dir [/usr/lib/../lib] ==> [/usr/lib]
  collapse library dir [/usr/lib/gcc/x86_64-pc-linux-gnu/6.3.1/../../..] ==> [/usr/lib]
  implicit libs: [c]
  implicit dirs: [/usr/lib/gcc/x86_64-pc-linux-gnu/6.3.1;/usr/lib;/lib]
  implicit fwks: []




Detecting C [-std=c11] compiler features compiled with the following output:
Change Dir: /home/ganz/cpp_indie_studio/build/CMakeFiles/CMakeTmp

Run Build Command:"/usr/sbin/make" "cmTC_39ba1/fast"
/usr/sbin/make -f CMakeFiles/cmTC_39ba1.dir/build.make CMakeFiles/cmTC_39ba1.dir/build
make[1] : on entre dans le répertoire « /home/ganz/cpp_indie_studio/build/CMakeFiles/CMakeTmp »
Building C object CMakeFiles/cmTC_39ba1.dir/feature_tests.c.o
/usr/sbin/cc   -std=c11 -o CMakeFiles/cmTC_39ba1.dir/feature_tests.c.o   -c /home/ganz/cpp_indie_studio/build/CMakeFiles/feature_tests.c
Linking C executable cmTC_39ba1
/usr/bin/cmake -E cmake_link_script CMakeFiles/cmTC_39ba1.dir/link.txt --verbose=1
/usr/sbin/cc      -rdynamic CMakeFiles/cmTC_39ba1.dir/feature_tests.c.o  -o cmTC_39ba1 
make[1] : on quitte le répertoire « /home/ganz/cpp_indie_studio/build/CMakeFiles/CMakeTmp »


    Feature record: C_FEATURE:1c_function_prototypes
    Feature record: C_FEATURE:1c_restrict
    Feature record: C_FEATURE:1c_static_assert
    Feature record: C_FEATURE:1c_variadic_macros


Detecting C [-std=c99] compiler features compiled with the following output:
Change Dir: /home/ganz/cpp_indie_studio/build/CMakeFiles/CMakeTmp

Run Build Command:"/usr/sbin/make" "cmTC_ebf41/fast"
/usr/sbin/make -f CMakeFiles/cmTC_ebf41.dir/build.make CMakeFiles/cmTC_ebf41.dir/build
make[1] : on entre dans le répertoire « /home/ganz/cpp_indie_studio/build/CMakeFiles/CMakeTmp »
Building C object CMakeFiles/cmTC_ebf41.dir/feature_tests.c.o
/usr/sbin/cc   -std=c99 -o CMakeFiles/cmTC_ebf41.dir/feature_tests.c.o   -c /home/ganz/cpp_indie_studio/build/CMakeFiles/feature_tests.c
Linking C executable cmTC_ebf41
/usr/bin/cmake -E cmake_link_script CMakeFiles/cmTC_ebf41.dir/link.txt --verbose=1
/usr/sbin/cc      -rdynamic CMakeFiles/cmTC_ebf41.dir/feature_tests.c.o  -o cmTC_ebf41 
make[1] : on quitte le répertoire « /home/ganz/cpp_indie_studio/build/CMakeFiles/CMakeTmp »


    Feature record: C_FEATURE:1c_function_prototypes
    Feature record: C_FEATURE:1c_restrict
    Feature record: C_FEATURE:0c_static_assert
    Feature record: C_FEATURE:1c_variadic_macros


Detecting C [-std=c90] compiler features compiled with the following output:
Change Dir: /home/ganz/cpp_indie_studio/build/CMakeFiles/CMakeTmp

Run Build Command:"/usr/sbin/make" "cmTC_045ce/fast"
/usr/sbin/make -f CMakeFiles/cmTC_045ce.dir/build.make CMakeFiles/cmTC_045ce.dir/build
make[1] : on entre dans le répertoire « /home/ganz/cpp_indie_studio/build/CMakeFiles/CMakeTmp »
Building C object CMakeFiles/cmTC_045ce.dir/feature_tests.c.o
/usr/sbin/cc   -std=c90 -o CMakeFiles/cmTC_045ce.dir/feature_tests.c.o   -c /home/ganz/cpp_indie_studio/build/CMakeFiles/feature_tests.c
Linking C executable cmTC_045ce
/usr/bin/cmake -E cmake_link_script CMakeFiles/cmTC_045ce.dir/link.txt --verbose=1
/usr/sbin/cc      -rdynamic CMakeFiles/cmTC_045ce.dir/feature_tests.c.o  -o cmTC_045ce 
make[1] : on quitte le répertoire « /home/ganz/cpp_indie_studio/build/CMakeFiles/CMakeTmp »


    Feature record: C_FEATURE:1c_function_prototypes
    Feature record: C_FEATURE:0c_restrict
    Feature record: C_FEATURE:0c_static_assert
    Feature record: C_FEATURE:0c_variadic_macros
Determining if the CXX compiler works passed with the following output:
Change Dir: /home/ganz/cpp_indie_studio/build/CMakeFiles/CMakeTmp

Run Build Command:"/usr/sbin/make" "cmTC_95a02/fast"
/usr/sbin/make -f CMakeFiles/cmTC_95a02.dir/build.make CMakeFiles/cmTC_95a02.dir/build
make[1] : on entre dans le répertoire « /home/ganz/cpp_indie_studio/build/CMakeFiles/CMakeTmp »
Building CXX object CMakeFiles/cmTC_95a02.dir/testCXXCompiler.cxx.o
/usr/sbin/g++     -o CMakeFiles/cmTC_95a02.dir/testCXXCompiler.cxx.o -c /home/ganz/cpp_indie_studio/build/CMakeFiles/CMakeTmp/testCXXCompiler.cxx
Linking CXX executable cmTC_95a02
/usr/bin/cmake -E cmake_link_script CMakeFiles/cmTC_95a02.dir/link.txt --verbose=1
/usr/sbin/g++       -rdynamic CMakeFiles/cmTC_95a02.dir/testCXXCompiler.cxx.o  -o cmTC_95a02 
make[1] : on quitte le répertoire « /home/ganz/cpp_indie_studio/build/CMakeFiles/CMakeTmp »


Detecting CXX compiler ABI info compiled with the following output:
Change Dir: /home/ganz/cpp_indie_studio/build/CMakeFiles/CMakeTmp

Run Build Command:"/usr/sbin/make" "cmTC_c7899/fast"
/usr/sbin/make -f CMakeFiles/cmTC_c7899.dir/build.make CMakeFiles/cmTC_c7899.dir/build
make[1] : on entre dans le répertoire « /home/ganz/cpp_indie_studio/build/CMakeFiles/CMakeTmp »
Building CXX object CMakeFiles/cmTC_c7899.dir/CMakeCXXCompilerABI.cpp.o
/usr/sbin/g++     -o CMakeFiles/cmTC_c7899.dir/CMakeCXXCompilerABI.cpp.o -c /usr/share/cmake-3.8/Modules/CMakeCXXCompilerABI.cpp
Linking CXX executable cmTC_c7899
/usr/bin/cmake -E cmake_link_script CMakeFiles/cmTC_c7899.dir/link.txt --verbose=1
/usr/sbin/g++      -v -rdynamic CMakeFiles/cmTC_c7899.dir/CMakeCXXCompilerABI.cpp.o  -o cmTC_c7899 
Utilisation des specs internes.
COLLECT_GCC=/usr/sbin/g++
COLLECT_LTO_WRAPPER=/usr/lib/gcc/x86_64-pc-linux-gnu/6.3.1/lto-wrapper
Cible : x86_64-pc-linux-gnu
Configuré avec: /build/gcc/src/gcc/configure --prefix=/usr --libdir=/usr/lib --libexecdir=/usr/lib --mandir=/usr/share/man --infodir=/usr/share/info --with-bugurl=https://bugs.archlinux.org/ --enable-languages=c,c++,ada,fortran,go,lto,objc,obj-c++ --enable-shared --enable-threads=posix --enable-libmpx --with-system-zlib --with-isl --enable-__cxa_atexit --disable-libunwind-exceptions --enable-clocale=gnu --disable-libstdcxx-pch --disable-libssp --enable-gnu-unique-object --enable-linker-build-id --enable-lto --enable-plugin --enable-install-libiberty --with-linker-hash-style=gnu --enable-gnu-indirect-function --disable-multilib --disable-werror --enable-checking=release
Modèle de thread: posix
gcc version 6.3.1 20170306 (GCC) 
COMPILER_PATH=/usr/lib/gcc/x86_64-pc-linux-gnu/6.3.1/:/usr/lib/gcc/x86_64-pc-linux-gnu/6.3.1/:/usr/lib/gcc/x86_64-pc-linux-gnu/:/usr/lib/gcc/x86_64-pc-linux-gnu/6.3.1/:/usr/lib/gcc/x86_64-pc-linux-gnu/
LIBRARY_PATH=/usr/lib/gcc/x86_64-pc-linux-gnu/6.3.1/:/usr/lib/gcc/x86_64-pc-linux-gnu/6.3.1/../../../../lib/:/lib/../lib/:/usr/lib/../lib/:/usr/lib/gcc/x86_64-pc-linux-gnu/6.3.1/../../../:/lib/:/usr/lib/
COLLECT_GCC_OPTIONS='-v' '-rdynamic' '-o' 'cmTC_c7899' '-shared-libgcc' '-mtune=generic' '-march=x86-64'
 /usr/lib/gcc/x86_64-pc-linux-gnu/6.3.1/collect2 -plugin /usr/lib/gcc/x86_64-pc-linux-gnu/6.3.1/liblto_plugin.so -plugin-opt=/usr/lib/gcc/x86_64-pc-linux-gnu/6.3.1/lto-wrapper -plugin-opt=-fresolution=/tmp/cczoP3zR.res -plugin-opt=-pass-through=-lgcc_s -plugin-opt=-pass-through=-lgcc -plugin-opt=-pass-through=-lc -plugin-opt=-pass-through=-lgcc_s -plugin-opt=-pass-through=-lgcc --build-id --eh-frame-hdr --hash-style=gnu -m elf_x86_64 -export-dynamic -dynamic-linker /lib64/ld-linux-x86-64.so.2 -o cmTC_c7899 /usr/lib/gcc/x86_64-pc-linux-gnu/6.3.1/../../../../lib/crt1.o /usr/lib/gcc/x86_64-pc-linux-gnu/6.3.1/../../../../lib/crti.o /usr/lib/gcc/x86_64-pc-linux-gnu/6.3.1/crtbegin.o -L/usr/lib/gcc/x86_64-pc-linux-gnu/6.3.1 -L/usr/lib/gcc/x86_64-pc-linux-gnu/6.3.1/../../../../lib -L/lib/../lib -L/usr/lib/../lib -L/usr/lib/gcc/x86_64-pc-linux-gnu/6.3.1/../../.. CMakeFiles/cmTC_c7899.dir/CMakeCXXCompilerABI.cpp.o -lstdc++ -lm -lgcc_s -lgcc -lc -lgcc_s -lgcc /usr/lib/gcc/x86_64-pc-linux-gnu/6.3.1/crtend.o /usr/lib/gcc/x86_64-pc-linux-gnu/6.3.1/../../../../lib/crtn.o
COLLECT_GCC_OPTIONS='-v' '-rdynamic' '-o' 'cmTC_c7899' '-shared-libgcc' '-mtune=generic' '-march=x86-64'
make[1] : on quitte le répertoire « /home/ganz/cpp_indie_studio/build/CMakeFiles/CMakeTmp »


Parsed CXX implicit link information from above output:
  link line regex: [^( *|.*[/\])(ld|([^/\]+-)?ld|collect2)[^/\]*( |$)]
  ignore line: [Change Dir: /home/ganz/cpp_indie_studio/build/CMakeFiles/CMakeTmp]
  ignore line: []
  ignore line: [Run Build Command:"/usr/sbin/make" "cmTC_c7899/fast"]
  ignore line: [/usr/sbin/make -f CMakeFiles/cmTC_c7899.dir/build.make CMakeFiles/cmTC_c7899.dir/build]
  ignore line: [make[1] : on entre dans le répertoire « /home/ganz/cpp_indie_studio/build/CMakeFiles/CMakeTmp »]
  ignore line: [Building CXX object CMakeFiles/cmTC_c7899.dir/CMakeCXXCompilerABI.cpp.o]
  ignore line: [/usr/sbin/g++     -o CMakeFiles/cmTC_c7899.dir/CMakeCXXCompilerABI.cpp.o -c /usr/share/cmake-3.8/Modules/CMakeCXXCompilerABI.cpp]
  ignore line: [Linking CXX executable cmTC_c7899]
  ignore line: [/usr/bin/cmake -E cmake_link_script CMakeFiles/cmTC_c7899.dir/link.txt --verbose=1]
  ignore line: [/usr/sbin/g++      -v -rdynamic CMakeFiles/cmTC_c7899.dir/CMakeCXXCompilerABI.cpp.o  -o cmTC_c7899 ]
  ignore line: [Utilisation des specs internes.]
  ignore line: [COLLECT_GCC=/usr/sbin/g++]
  ignore line: [COLLECT_LTO_WRAPPER=/usr/lib/gcc/x86_64-pc-linux-gnu/6.3.1/lto-wrapper]
  ignore line: [Cible : x86_64-pc-linux-gnu]
  ignore line: [Configuré avec: /build/gcc/src/gcc/configure --prefix=/usr --libdir=/usr/lib --libexecdir=/usr/lib --mandir=/usr/share/man --infodir=/usr/share/info --with-bugurl=https://bugs.archlinux.org/ --enable-languages=c,c++,ada,fortran,go,lto,objc,obj-c++ --enable-shared --enable-threads=posix --enable-libmpx --with-system-zlib --with-isl --enable-__cxa_atexit --disable-libunwind-exceptions --enable-clocale=gnu --disable-libstdcxx-pch --disable-libssp --enable-gnu-unique-object --enable-linker-build-id --enable-lto --enable-plugin --enable-install-libiberty --with-linker-hash-style=gnu --enable-gnu-indirect-function --disable-multilib --disable-werror --enable-checking=release]
  ignore line: [Modèle de thread: posix]
  ignore line: [gcc version 6.3.1 20170306 (GCC) ]
  ignore line: [COMPILER_PATH=/usr/lib/gcc/x86_64-pc-linux-gnu/6.3.1/:/usr/lib/gcc/x86_64-pc-linux-gnu/6.3.1/:/usr/lib/gcc/x86_64-pc-linux-gnu/:/usr/lib/gcc/x86_64-pc-linux-gnu/6.3.1/:/usr/lib/gcc/x86_64-pc-linux-gnu/]
  ignore line: [LIBRARY_PATH=/usr/lib/gcc/x86_64-pc-linux-gnu/6.3.1/:/usr/lib/gcc/x86_64-pc-linux-gnu/6.3.1/../../../../lib/:/lib/../lib/:/usr/lib/../lib/:/usr/lib/gcc/x86_64-pc-linux-gnu/6.3.1/../../../:/lib/:/usr/lib/]
  ignore line: [COLLECT_GCC_OPTIONS='-v' '-rdynamic' '-o' 'cmTC_c7899' '-shared-libgcc' '-mtune=generic' '-march=x86-64']
  link line: [ /usr/lib/gcc/x86_64-pc-linux-gnu/6.3.1/collect2 -plugin /usr/lib/gcc/x86_64-pc-linux-gnu/6.3.1/liblto_plugin.so -plugin-opt=/usr/lib/gcc/x86_64-pc-linux-gnu/6.3.1/lto-wrapper -plugin-opt=-fresolution=/tmp/cczoP3zR.res -plugin-opt=-pass-through=-lgcc_s -plugin-opt=-pass-through=-lgcc -plugin-opt=-pass-through=-lc -plugin-opt=-pass-through=-lgcc_s -plugin-opt=-pass-through=-lgcc --build-id --eh-frame-hdr --hash-style=gnu -m elf_x86_64 -export-dynamic -dynamic-linker /lib64/ld-linux-x86-64.so.2 -o cmTC_c7899 /usr/lib/gcc/x86_64-pc-linux-gnu/6.3.1/../../../../lib/crt1.o /usr/lib/gcc/x86_64-pc-linux-gnu/6.3.1/../../../../lib/crti.o /usr/lib/gcc/x86_64-pc-linux-gnu/6.3.1/crtbegin.o -L/usr/lib/gcc/x86_64-pc-linux-gnu/6.3.1 -L/usr/lib/gcc/x86_64-pc-linux-gnu/6.3.1/../../../../lib -L/lib/../lib -L/usr/lib/../lib -L/usr/lib/gcc/x86_64-pc-linux-gnu/6.3.1/../../.. CMakeFiles/cmTC_c7899.dir/CMakeCXXCompilerABI.cpp.o -lstdc++ -lm -lgcc_s -lgcc -lc -lgcc_s -lgcc /usr/lib/gcc/x86_64-pc-linux-gnu/6.3.1/crtend.o /usr/lib/gcc/x86_64-pc-linux-gnu/6.3.1/../../../../lib/crtn.o]
    arg [/usr/lib/gcc/x86_64-pc-linux-gnu/6.3.1/collect2] ==> ignore
    arg [-plugin] ==> ignore
    arg [/usr/lib/gcc/x86_64-pc-linux-gnu/6.3.1/liblto_plugin.so] ==> ignore
    arg [-plugin-opt=/usr/lib/gcc/x86_64-pc-linux-gnu/6.3.1/lto-wrapper] ==> ignore
    arg [-plugin-opt=-fresolution=/tmp/cczoP3zR.res] ==> ignore
    arg [-plugin-opt=-pass-through=-lgcc_s] ==> ignore
    arg [-plugin-opt=-pass-through=-lgcc] ==> ignore
    arg [-plugin-opt=-pass-through=-lc] ==> ignore
    arg [-plugin-opt=-pass-through=-lgcc_s] ==> ignore
    arg [-plugin-opt=-pass-through=-lgcc] ==> ignore
    arg [--build-id] ==> ignore
    arg [--eh-frame-hdr] ==> ignore
    arg [--hash-style=gnu] ==> ignore
    arg [-m] ==> ignore
    arg [elf_x86_64] ==> ignore
    arg [-export-dynamic] ==> ignore
    arg [-dynamic-linker] ==> ignore
    arg [/lib64/ld-linux-x86-64.so.2] ==> ignore
    arg [-o] ==> ignore
    arg [cmTC_c7899] ==> ignore
    arg [/usr/lib/gcc/x86_64-pc-linux-gnu/6.3.1/../../../../lib/crt1.o] ==> ignore
    arg [/usr/lib/gcc/x86_64-pc-linux-gnu/6.3.1/../../../../lib/crti.o] ==> ignore
    arg [/usr/lib/gcc/x86_64-pc-linux-gnu/6.3.1/crtbegin.o] ==> ignore
    arg [-L/usr/lib/gcc/x86_64-pc-linux-gnu/6.3.1] ==> dir [/usr/lib/gcc/x86_64-pc-linux-gnu/6.3.1]
    arg [-L/usr/lib/gcc/x86_64-pc-linux-gnu/6.3.1/../../../../lib] ==> dir [/usr/lib/gcc/x86_64-pc-linux-gnu/6.3.1/../../../../lib]
    arg [-L/lib/../lib] ==> dir [/lib/../lib]
    arg [-L/usr/lib/../lib] ==> dir [/usr/lib/../lib]
    arg [-L/usr/lib/gcc/x86_64-pc-linux-gnu/6.3.1/../../..] ==> dir [/usr/lib/gcc/x86_64-pc-linux-gnu/6.3.1/../../..]
    arg [CMakeFiles/cmTC_c7899.dir/CMakeCXXCompilerABI.cpp.o] ==> ignore
    arg [-lstdc++] ==> lib [stdc++]
    arg [-lm] ==> lib [m]
    arg [-lgcc_s] ==> lib [gcc_s]
    arg [-lgcc] ==> lib [gcc]
    arg [-lc] ==> lib [c]
    arg [-lgcc_s] ==> lib [gcc_s]
    arg [-lgcc] ==> lib [gcc]
    arg [/usr/lib/gcc/x86_64-pc-linux-gnu/6.3.1/crtend.o] ==> ignore
    arg [/usr/lib/gcc/x86_64-pc-linux-gnu/6.3.1/../../../../lib/crtn.o] ==> ignore
  remove lib [gcc_s]
  remove lib [gcc]
  remove lib [gcc_s]
  remove lib [gcc]
  collapse library dir [/usr/lib/gcc/x86_64-pc-linux-gnu/6.3.1] ==> [/usr/lib/gcc/x86_64-pc-linux-gnu/6.3.1]
  collapse library dir [/usr/lib/gcc/x86_64-pc-linux-gnu/6.3.1/../../../../lib] ==> [/usr/lib]
  collapse library dir [/lib/../lib] ==> [/lib]
  collapse library dir [/usr/lib/../lib] ==> [/usr/lib]
  collapse library dir [/usr/lib/gcc/x86_64-pc-linux-gnu/6.3.1/../../..] ==> [/usr/lib]
  implicit libs: [stdc++;m;c]
  implicit dirs: [/usr/lib/gcc/x86_64-pc-linux-gnu/6.3.1;/usr/lib;/lib]
  implicit fwks: []




Detecting CXX [-std=c++1z] compiler features compiled with the following output:
Change Dir: /home/ganz/cpp_indie_studio/build/CMakeFiles/CMakeTmp

Run Build Command:"/usr/sbin/make" "cmTC_a3892/fast"
/usr/sbin/make -f CMakeFiles/cmTC_a3892.dir/build.make CMakeFiles/cmTC_a3892.dir/build
make[1] : on entre dans le répertoire « /home/ganz/cpp_indie_studio/build/CMakeFiles/CMakeTmp »
Building CXX object CMakeFiles/cmTC_a3892.dir/feature_tests.cxx.o
/usr/sbin/g++    -std=c++1z -o CMakeFiles/cmTC_a3892.dir/feature_tests.cxx.o -c /home/ganz/cpp_indie_studio/build/CMakeFiles/feature_tests.cxx
Linking CXX executable cmTC_a3892
/usr/bin/cmake -E cmake_link_script CMakeFiles/cmTC_a3892.dir/link.txt --verbose=1
/usr/sbin/g++       -rdynamic CMakeFiles/cmTC_a3892.dir/feature_tests.cxx.o  -o cmTC_a3892 
make[1] : on quitte le répertoire « /home/ganz/cpp_indie_studio/build/CMakeFiles/CMakeTmp »


    Feature record: CXX_FEATURE:1cxx_aggregate_default_initializers
    Feature record: CXX_FEATURE:1cxx_alias_templates
    Feature record: CXX_FEATURE:1cxx_alignas
    Feature record: CXX_FEATURE:1cxx_alignof
    Feature record: CXX_FEATURE:1cxx_attributes
    Feature record: CXX_FEATURE:1cxx_attribute_deprecated
    Feature record: CXX_FEATURE:1cxx_auto_type
    Feature record: CXX_FEATURE:1cxx_binary_literals
    Feature record: CXX_FEATURE:1cxx_constexpr
    Feature record: CXX_FEATURE:1cxx_contextual_conversions
    Feature record: CXX_FEATURE:1cxx_decltype
    Feature record: CXX_FEATURE:1cxx_decltype_auto
    Feature record: CXX_FEATURE:1cxx_decltype_incomplete_return_types
    Feature record: CXX_FEATURE:1cxx_default_function_template_args
    Feature record: CXX_FEATURE:1cxx_defaulted_functions
    Feature record: CXX_FEATURE:1cxx_defaulted_move_initializers
    Feature record: CXX_FEATURE:1cxx_delegating_constructors
    Feature record: CXX_FEATURE:1cxx_deleted_functions
    Feature record: CXX_FEATURE:1cxx_digit_separators
    Feature record: CXX_FEATURE:1cxx_enum_forward_declarations
    Feature record: CXX_FEATURE:1cxx_explicit_conversions
    Feature record: CXX_FEATURE:1cxx_extended_friend_declarations
    Feature record: CXX_FEATURE:1cxx_extern_templates
    Feature record: CXX_FEATURE:1cxx_final
    Feature record: CXX_FEATURE:1cxx_func_identifier
    Feature record: CXX_FEATURE:1cxx_generalized_initializers
    Feature record: CXX_FEATURE:1cxx_generic_lambdas
    Feature record: CXX_FEATURE:1cxx_inheriting_constructors
    Feature record: CXX_FEATURE:1cxx_inline_namespaces
    Feature record: CXX_FEATURE:1cxx_lambdas
    Feature record: CXX_FEATURE:1cxx_lambda_init_captures
    Feature record: CXX_FEATURE:1cxx_local_type_template_args
    Feature record: CXX_FEATURE:1cxx_long_long_type
    Feature record: CXX_FEATURE:1cxx_noexcept
    Feature record: CXX_FEATURE:1cxx_nonstatic_member_init
    Feature record: CXX_FEATURE:1cxx_nullptr
    Feature record: CXX_FEATURE:1cxx_override
    Feature record: CXX_FEATURE:1cxx_range_for
    Feature record: CXX_FEATURE:1cxx_raw_string_literals
    Feature record: CXX_FEATURE:1cxx_reference_qualified_functions
    Feature record: CXX_FEATURE:1cxx_relaxed_constexpr
    Feature record: CXX_FEATURE:1cxx_return_type_deduction
    Feature record: CXX_FEATURE:1cxx_right_angle_brackets
    Feature record: CXX_FEATURE:1cxx_rvalue_references
    Feature record: CXX_FEATURE:1cxx_sizeof_member
    Feature record: CXX_FEATURE:1cxx_static_assert
    Feature record: CXX_FEATURE:1cxx_strong_enums
    Feature record: CXX_FEATURE:1cxx_template_template_parameters
    Feature record: CXX_FEATURE:1cxx_thread_local
    Feature record: CXX_FEATURE:1cxx_trailing_return_types
    Feature record: CXX_FEATURE:1cxx_unicode_literals
    Feature record: CXX_FEATURE:1cxx_uniform_initialization
    Feature record: CXX_FEATURE:1cxx_unrestricted_unions
    Feature record: CXX_FEATURE:1cxx_user_literals
    Feature record: CXX_FEATURE:1cxx_variable_templates
    Feature record: CXX_FEATURE:1cxx_variadic_macros
    Feature record: CXX_FEATURE:1cxx_variadic_templates


Detecting CXX [-std=c++14] compiler features compiled with the following output:
Change Dir: /home/ganz/cpp_indie_studio/build/CMakeFiles/CMakeTmp

Run Build Command:"/usr/sbin/make" "cmTC_d7f7c/fast"
/usr/sbin/make -f CMakeFiles/cmTC_d7f7c.dir/build.make CMakeFiles/cmTC_d7f7c.dir/build
make[1] : on entre dans le répertoire « /home/ganz/cpp_indie_studio/build/CMakeFiles/CMakeTmp »
Building CXX object CMakeFiles/cmTC_d7f7c.dir/feature_tests.cxx.o
/usr/sbin/g++    -std=c++14 -o CMakeFiles/cmTC_d7f7c.dir/feature_tests.cxx.o -c /home/ganz/cpp_indie_studio/build/CMakeFiles/feature_tests.cxx
Linking CXX executable cmTC_d7f7c
/usr/bin/cmake -E cmake_link_script CMakeFiles/cmTC_d7f7c.dir/link.txt --verbose=1
/usr/sbin/g++       -rdynamic CMakeFiles/cmTC_d7f7c.dir/feature_tests.cxx.o  -o cmTC_d7f7c 
make[1] : on quitte le répertoire « /home/ganz/cpp_indie_studio/build/CMakeFiles/CMakeTmp »


    Feature record: CXX_FEATURE:1cxx_aggregate_default_initializers
    Feature record: CXX_FEATURE:1cxx_alias_templates
    Feature record: CXX_FEATURE:1cxx_alignas
    Feature record: CXX_FEATURE:1cxx_alignof
    Feature record: CXX_FEATURE:1cxx_attributes
    Feature record: CXX_FEATURE:1cxx_attribute_deprecated
    Feature record: CXX_FEATURE:1cxx_auto_type
    Feature record: CXX_FEATURE:1cxx_binary_literals
    Feature record: CXX_FEATURE:1cxx_constexpr
    Feature record: CXX_FEATURE:1cxx_contextual_conversions
    Feature record: CXX_FEATURE:1cxx_decltype
    Feature record: CXX_FEATURE:1cxx_decltype_auto
    Feature record: CXX_FEATURE:1cxx_decltype_incomplete_return_types
    Feature record: CXX_FEATURE:1cxx_default_function_template_args
    Feature record: CXX_FEATURE:1cxx_defaulted_functions
    Feature record: CXX_FEATURE:1cxx_defaulted_move_initializers
    Feature record: CXX_FEATURE:1cxx_delegating_constructors
    Feature record: CXX_FEATURE:1cxx_deleted_functions
    Feature record: CXX_FEATURE:1cxx_digit_separators
    Feature record: CXX_FEATURE:1cxx_enum_forward_declarations
    Feature record: CXX_FEATURE:1cxx_explicit_conversions
    Feature record: CXX_FEATURE:1cxx_extended_friend_declarations
    Feature record: CXX_FEATURE:1cxx_extern_templates
    Feature record: CXX_FEATURE:1cxx_final
    Feature record: CXX_FEATURE:1cxx_func_identifier
    Feature record: CXX_FEATURE:1cxx_generalized_initializers
    Feature record: CXX_FEATURE:1cxx_generic_lambdas
    Feature record: CXX_FEATURE:1cxx_inheriting_constructors
    Feature record: CXX_FEATURE:1cxx_inline_namespaces
    Feature record: CXX_FEATURE:1cxx_lambdas
    Feature record: CXX_FEATURE:1cxx_lambda_init_captures
    Feature record: CXX_FEATURE:1cxx_local_type_template_args
    Feature record: CXX_FEATURE:1cxx_long_long_type
    Feature record: CXX_FEATURE:1cxx_noexcept
    Feature record: CXX_FEATURE:1cxx_nonstatic_member_init
    Feature record: CXX_FEATURE:1cxx_nullptr
    Feature record: CXX_FEATURE:1cxx_override
    Feature record: CXX_FEATURE:1cxx_range_for
    Feature record: CXX_FEATURE:1cxx_raw_string_literals
    Feature record: CXX_FEATURE:1cxx_reference_qualified_functions
    Feature record: CXX_FEATURE:1cxx_relaxed_constexpr
    Feature record: CXX_FEATURE:1cxx_return_type_deduction
    Feature record: CXX_FEATURE:1cxx_right_angle_brackets
    Feature record: CXX_FEATURE:1cxx_rvalue_references
    Feature record: CXX_FEATURE:1cxx_sizeof_member
    Feature record: CXX_FEATURE:1cxx_static_assert
    Feature record: CXX_FEATURE:1cxx_strong_enums
    Feature record: CXX_FEATURE:1cxx_template_template_parameters
    Feature record: CXX_FEATURE:1cxx_thread_local
    Feature record: CXX_FEATURE:1cxx_trailing_return_types
    Feature record: CXX_FEATURE:1cxx_unicode_literals
    Feature record: CXX_FEATURE:1cxx_uniform_initialization
    Feature record: CXX_FEATURE:1cxx_unrestricted_unions
    Feature record: CXX_FEATURE:1cxx_user_literals
    Feature record: CXX_FEATURE:1cxx_variable_templates
    Feature record: CXX_FEATURE:1cxx_variadic_macros
    Feature record: CXX_FEATURE:1cxx_variadic_templates


Detecting CXX [-std=c++11] compiler features compiled with the following output:
Change Dir: /home/ganz/cpp_indie_studio/build/CMakeFiles/CMakeTmp

Run Build Command:"/usr/sbin/make" "cmTC_0231c/fast"
/usr/sbin/make -f CMakeFiles/cmTC_0231c.dir/build.make CMakeFiles/cmTC_0231c.dir/build
make[1] : on entre dans le répertoire « /home/ganz/cpp_indie_studio/build/CMakeFiles/CMakeTmp »
Building CXX object CMakeFiles/cmTC_0231c.dir/feature_tests.cxx.o
/usr/sbin/g++    -std=c++11 -o CMakeFiles/cmTC_0231c.dir/feature_tests.cxx.o -c /home/ganz/cpp_indie_studio/build/CMakeFiles/feature_tests.cxx
Linking CXX executable cmTC_0231c
/usr/bin/cmake -E cmake_link_script CMakeFiles/cmTC_0231c.dir/link.txt --verbose=1
/usr/sbin/g++       -rdynamic CMakeFiles/cmTC_0231c.dir/feature_tests.cxx.o  -o cmTC_0231c 
make[1] : on quitte le répertoire « /home/ganz/cpp_indie_studio/build/CMakeFiles/CMakeTmp »


    Feature record: CXX_FEATURE:0cxx_aggregate_default_initializers
    Feature record: CXX_FEATURE:1cxx_alias_templates
    Feature record: CXX_FEATURE:1cxx_alignas
    Feature record: CXX_FEATURE:1cxx_alignof
    Feature record: CXX_FEATURE:1cxx_attributes
    Feature record: CXX_FEATURE:0cxx_attribute_deprecated
    Feature record: CXX_FEATURE:1cxx_auto_type
    Feature record: CXX_FEATURE:0cxx_binary_literals
    Feature record: CXX_FEATURE:1cxx_constexpr
    Feature record: CXX_FEATURE:0cxx_contextual_conversions
    Feature record: CXX_FEATURE:1cxx_decltype
    Feature record: CXX_FEATURE:0cxx_decltype_auto
    Feature record: CXX_FEATURE:1cxx_decltype_incomplete_return_types
    Feature record: CXX_FEATURE:1cxx_default_function_template_args
    Feature record: CXX_FEATURE:1cxx_defaulted_functions
    Feature record: CXX_FEATURE:1cxx_defaulted_move_initializers
    Feature record: CXX_FEATURE:1cxx_delegating_constructors
    Feature record: CXX_FEATURE:1cxx_deleted_functions
    Feature record: CXX_FEATURE:0cxx_digit_separators
    Feature record: CXX_FEATURE:1cxx_enum_forward_declarations
    Feature record: CXX_FEATURE:1cxx_explicit_conversions
    Feature record: CXX_FEATURE:1cxx_extended_friend_declarations
    Feature record: CXX_FEATURE:1cxx_extern_templates
    Feature record: CXX_FEATURE:1cxx_final
    Feature record: CXX_FEATURE:1cxx_func_identifier
    Feature record: CXX_FEATURE:1cxx_generalized_initializers
    Feature record: CXX_FEATURE:0cxx_generic_lambdas
    Feature record: CXX_FEATURE:1cxx_inheriting_constructors
    Feature record: CXX_FEATURE:1cxx_inline_namespaces
    Feature record: CXX_FEATURE:1cxx_lambdas
    Feature record: CXX_FEATURE:0cxx_lambda_init_captures
    Feature record: CXX_FEATURE:1cxx_local_type_template_args
    Feature record: CXX_FEATURE:1cxx_long_long_type
    Feature record: CXX_FEATURE:1cxx_noexcept
    Feature record: CXX_FEATURE:1cxx_nonstatic_member_init
    Feature record: CXX_FEATURE:1cxx_nullptr
    Feature record: CXX_FEATURE:1cxx_override
    Feature record: CXX_FEATURE:1cxx_range_for
    Feature record: CXX_FEATURE:1cxx_raw_string_literals
    Feature record: CXX_FEATURE:1cxx_reference_qualified_functions
    Feature record: CXX_FEATURE:0cxx_relaxed_constexpr
    Feature record: CXX_FEATURE:0cxx_return_type_deduction
    Feature record: CXX_FEATURE:1cxx_right_angle_brackets
    Feature record: CXX_FEATURE:1cxx_rvalue_references
    Feature record: CXX_FEATURE:1cxx_sizeof_member
    Feature record: CXX_FEATURE:1cxx_static_assert
    Feature record: CXX_FEATURE:1cxx_strong_enums
    Feature record: CXX_FEATURE:1cxx_template_template_parameters
    Feature record: CXX_FEATURE:1cxx_thread_local
    Feature record: CXX_FEATURE:1cxx_trailing_return_types
    Feature record: CXX_FEATURE:1cxx_unicode_literals
    Feature record: CXX_FEATURE:1cxx_uniform_initialization
    Feature record: CXX_FEATURE:1cxx_unrestricted_unions
    Feature record: CXX_FEATURE:1cxx_user_literals
    Feature record: CXX_FEATURE:0cxx_variable_templates
    Feature record: CXX_FEATURE:1cxx_variadic_macros
    Feature record: CXX_FEATURE:1cxx_variadic_templates


Detecting CXX [-std=c++98] compiler features compiled with the following output:
Change Dir: /home/ganz/cpp_indie_studio/build/CMakeFiles/CMakeTmp

Run Build Command:"/usr/sbin/make" "cmTC_042d0/fast"
/usr/sbin/make -f CMakeFiles/cmTC_042d0.dir/build.make CMakeFiles/cmTC_042d0.dir/build
make[1] : on entre dans le répertoire « /home/ganz/cpp_indie_studio/build/CMakeFiles/CMakeTmp »
Building CXX object CMakeFiles/cmTC_042d0.dir/feature_tests.cxx.o
/usr/sbin/g++    -std=c++98 -o CMakeFiles/cmTC_042d0.dir/feature_tests.cxx.o -c /home/ganz/cpp_indie_studio/build/CMakeFiles/feature_tests.cxx
Linking CXX executable cmTC_042d0
/usr/bin/cmake -E cmake_link_script CMakeFiles/cmTC_042d0.dir/link.txt --verbose=1
/usr/sbin/g++       -rdynamic CMakeFiles/cmTC_042d0.dir/feature_tests.cxx.o  -o cmTC_042d0 
make[1] : on quitte le répertoire « /home/ganz/cpp_indie_studio/build/CMakeFiles/CMakeTmp »


    Feature record: CXX_FEATURE:0cxx_aggregate_default_initializers
    Feature record: CXX_FEATURE:0cxx_alias_templates
    Feature record: CXX_FEATURE:0cxx_alignas
    Feature record: CXX_FEATURE:0cxx_alignof
    Feature record: CXX_FEATURE:0cxx_attributes
    Feature record: CXX_FEATURE:0cxx_attribute_deprecated
    Feature record: CXX_FEATURE:0cxx_auto_type
    Feature record: CXX_FEATURE:0cxx_binary_literals
    Feature record: CXX_FEATURE:0cxx_constexpr
    Feature record: CXX_FEATURE:0cxx_contextual_conversions
    Feature record: CXX_FEATURE:0cxx_decltype
    Feature record: CXX_FEATURE:0cxx_decltype_auto
    Feature record: CXX_FEATURE:0cxx_decltype_incomplete_return_types
    Feature record: CXX_FEATURE:0cxx_default_function_template_args
    Feature record: CXX_FEATURE:0cxx_defaulted_functions
    Feature record: CXX_FEATURE:0cxx_defaulted_move_initializers
    Feature record: CXX_FEATURE:0cxx_delegating_constructors
    Feature record: CXX_FEATURE:0cxx_deleted_functions
    Feature record: CXX_FEATURE:0cxx_digit_separators
    Feature record: CXX_FEATURE:0cxx_enum_forward_declarations
    Feature record: CXX_FEATURE:0cxx_explicit_conversions
    Feature record: CXX_FEATURE:0cxx_extended_friend_declarations
    Feature record: CXX_FEATURE:0cxx_extern_templates
    Feature record: CXX_FEATURE:0cxx_final
    Feature record: CXX_FEATURE:0cxx_func_identifier
    Feature record: CXX_FEATURE:0cxx_generalized_initializers
    Feature record: CXX_FEATURE:0cxx_generic_lambdas
    Feature record: CXX_FEATURE:0cxx_inheriting_constructors
    Feature record: CXX_FEATURE:0cxx_inline_namespaces
    Feature record: CXX_FEATURE:0cxx_lambdas
    Feature record: CXX_FEATURE:0cxx_lambda_init_captures
    Feature record: CXX_FEATURE:0cxx_local_type_template_args
    Feature record: CXX_FEATURE:0cxx_long_long_type
    Feature record: CXX_FEATURE:0cxx_noexcept
    Feature record: CXX_FEATURE:0cxx_nonstatic_member_init
    Feature record: CXX_FEATURE:0cxx_nullptr
    Feature record: CXX_FEATURE:0cxx_override
    Feature record: CXX_FEATURE:0cxx_range_for
    Feature record: CXX_FEATURE:0cxx_raw_string_literals
    Feature record: CXX_FEATURE:0cxx_reference_qualified_functions
    Feature record: CXX_FEATURE:0cxx_relaxed_constexpr
    Feature record: CXX_FEATURE:0cxx_return_type_deduction
    Feature record: CXX_FEATURE:0cxx_right_angle_brackets
    Feature record: CXX_FEATURE:0cxx_rvalue_references
    Feature record: CXX_FEATURE:0cxx_sizeof_member
    Feature record: CXX_FEATURE:0cxx_static_assert
    Feature record: CXX_FEATURE:0cxx_strong_enums
    Feature record: CXX_FEATURE:1cxx_template_template_parameters
    Feature record: CXX_FEATURE:0cxx_thread_local
    Feature record: CXX_FEATURE:0cxx_trailing_return_types
    Feature record: CXX_FEATURE:0cxx_unicode_literals
    Feature record: CXX_FEATURE:0cxx_uniform_initialization
    Feature record: CXX_FEATURE:0cxx_unrestricted_unions
    Feature record: CXX_FEATURE:0cxx_user_literals
    Feature record: CXX_FEATURE:0cxx_variable_templates
    Feature record: CXX_FEATURE:0cxx_variadic_macros
    Feature record: CXX_FEATURE:0cxx_variadic_templates
